<?xml version="1.0" encoding="UTF-8"?>
<!-- Generated by org.testng.reporters.JUnitReportReporter -->
<testsuite skipped="0" hostname="DESKTOP-G1GSCKP" name="mavenBasics.Maventest" tests="1" failures="0" timestamp="02 Dec 2018 10:24:03 GMT" time="0.014" errors="0">
  <testcase name="testmaven" time="0.014" classname="mavenBasics.Maventest"/>
</testsuite> <!-- mavenBasics.Maventest -->
