<?xml version="1.0" encoding="UTF-8"?>
<!-- Generated by org.testng.reporters.JUnitReportReporter -->
<testsuite skipped="0" hostname="DESKTOP-G1GSCKP" name="testNGTest.BasicTests" tests="2" failures="0" timestamp="02 Dec 2018 06:40:28 GMT" time="0.028" errors="0">
  <testcase name="mavenCheck" time="0.019" classname="testNGTest.BasicTests"/>
  <testcase name="mavenCheck2" time="0.009" classname="testNGTest.BasicTests"/>
</testsuite> <!-- testNGTest.BasicTests -->
