<?xml version="1.0" encoding="UTF-8"?>
<!-- Generated by org.testng.reporters.JUnitReportReporter -->
<testsuite skipped="0" hostname="DESKTOP-G1GSCKP" name="mavenTest.BasicTests" tests="2" failures="0" timestamp="02 Dec 2018 10:09:12 GMT" time="0.024" errors="0">
  <testcase name="mavenCheck" time="0.017" classname="mavenTest.BasicTests"/>
  <testcase name="mavenCheck2" time="0.007" classname="mavenTest.BasicTests"/>
</testsuite> <!-- mavenTest.BasicTests -->
