<?xml version="1.0" encoding="UTF-8"?>
<!-- Generated by org.testng.reporters.JUnitReportReporter -->
<testsuite skipped="0" hostname="DESKTOP-G1GSCKP" name="mavenTest.DemoMaven" tests="1" failures="0" timestamp="02 Dec 2018 10:06:32 GMT" time="0.023" errors="0">
  <testcase name="demoTest" time="0.023" classname="mavenTest.DemoMaven"/>
</testsuite> <!-- mavenTest.DemoMaven -->
