<?xml version="1.0" encoding="UTF-8"?>
<!-- Generated by org.testng.reporters.JUnitReportReporter -->
<testsuite skipped="0" hostname="DESKTOP-G1GSCKP" name="testcases.ExceuteTest" tests="2" failures="0" timestamp="09 Dec 2018 03:21:33 GMT" time="83.885" errors="0">
  <testcase name="testLogin" time="38.878" classname="testcases.ExceuteTest"/>
  <testcase name="testLogin" time="45.007" classname="testcases.ExceuteTest"/>
</testsuite> <!-- testcases.ExceuteTest -->
