<?xml version="1.0" encoding="UTF-8"?>
<!-- Generated by org.testng.reporters.JUnitReportReporter -->
<testsuite skipped="0" hostname="DESKTOP-G1GSCKP" name="googlePageValidation.SearchPageTest2" tests="6" failures="0" timestamp="29 Nov 2018 02:00:52 GMT" time="51.964" errors="0">
  <testcase name="verifyTitle" time="7.004" classname="googlePageValidation.SearchPageTest2"/>
  <testcase name="validateLogo" time="7.011" classname="googlePageValidation.SearchPageTest2"/>
  <testcase name="validateSearchBar" time="7.280" classname="googlePageValidation.SearchPageTest2"/>
  <testcase name="validateSearchButton" time="8.111" classname="googlePageValidation.SearchPageTest2"/>
  <testcase name="validateMicrophoneButton" time="7.281" classname="googlePageValidation.SearchPageTest2"/>
  <testcase name="validateSearch" time="15.277" classname="googlePageValidation.SearchPageTest2"/>
</testsuite> <!-- googlePageValidation.SearchPageTest2 -->
