<?xml version="1.0" encoding="UTF-8"?>
<!-- Generated by org.testng.reporters.JUnitReportReporter -->
<testsuite skipped="4" hostname="DESKTOP-G1GSCKP" name="googlePageValidation.SearchPageTest" tests="6" failures="0" timestamp="29 Nov 2018 02:18:23 GMT" time="16.004" errors="0">
  <testcase name="verifyTitle" time="7.395" classname="googlePageValidation.SearchPageTest"/>
  <testcase name="validateLogo" time="8.609" classname="googlePageValidation.SearchPageTest"/>
  <testcase name="validateSearch" classname="googlePageValidation.SearchPageTest">
    <skipped/>
  </testcase> <!-- validateSearch -->
  <testcase name="validateSearchButton" classname="googlePageValidation.SearchPageTest">
    <skipped/>
  </testcase> <!-- validateSearchButton -->
  <testcase name="validateSearchBar" classname="googlePageValidation.SearchPageTest">
    <skipped/>
  </testcase> <!-- validateSearchBar -->
  <testcase name="validateMicrophoneButton" classname="googlePageValidation.SearchPageTest">
    <skipped/>
  </testcase> <!-- validateMicrophoneButton -->
</testsuite> <!-- googlePageValidation.SearchPageTest -->
