<?xml version="1.0" encoding="UTF-8"?>
<!-- Generated by org.testng.reporters.JUnitReportReporter -->
<testsuite skipped="0" hostname="DESKTOP-G1GSCKP" name="testcases.LoginEmailPageTest" tests="3" failures="0" timestamp="16 Dec 2018 06:56:11 GMT" time="39.182" errors="0">
  <testcase name="displayAccountCreationButton" time="12.151" classname="testcases.LoginEmailPageTest"/>
  <testcase name="enterEmailAndContinue" time="15.353" classname="testcases.LoginEmailPageTest"/>
  <testcase name="validateTitle" time="11.678" classname="testcases.LoginEmailPageTest"/>
</testsuite> <!-- testcases.LoginEmailPageTest -->
