<?xml version="1.0" encoding="UTF-8"?>
<!-- Generated by org.testng.reporters.JUnitReportReporter -->
<testsuite skipped="0" hostname="DESKTOP-G1GSCKP" name="testcases.DefaultPageTest" tests="3" failures="0" timestamp="16 Dec 2018 06:56:11 GMT" time="34.393" errors="0">
  <testcase name="validatePageTitle" time="10.655" classname="testcases.DefaultPageTest"/>
  <testcase name="validateSearchBoxDisplay" time="11.939" classname="testcases.DefaultPageTest"/>
  <testcase name="clickSignInButton" time="11.799" classname="testcases.DefaultPageTest"/>
</testsuite> <!-- testcases.DefaultPageTest -->
