<?xml version="1.0" encoding="UTF-8"?>
<!-- Generated by org.testng.reporters.JUnitReportReporter -->
<testsuite skipped="0" hostname="DESKTOP-G1GSCKP" name="testcases.LoginPasswordPageTest" tests="2" failures="0" timestamp="16 Dec 2018 06:56:11 GMT" time="30.820" errors="0">
  <testcase name="enterPwdAndLogin" time="17.955" classname="testcases.LoginPasswordPageTest"/>
  <testcase name="displayCreateAccountBtn" time="12.865" classname="testcases.LoginPasswordPageTest"/>
</testsuite> <!-- testcases.LoginPasswordPageTest -->
