<?xml version="1.0" encoding="UTF-8"?>
<!-- Generated by org.testng.reporters.JUnitReportReporter -->
<testsuite skipped="0" hostname="DESKTOP-G1GSCKP" name="testcases.RegistrationPageTest" tests="3" failures="0" timestamp="16 Dec 2018 17:48:08 GMT" time="48.727" errors="0">
  <testcase name="newRegistration" time="14.972" classname="testcases.RegistrationPageTest"/>
  <testcase name="newRegistration" time="18.337" classname="testcases.RegistrationPageTest"/>
  <testcase name="newRegistration" time="15.418" classname="testcases.RegistrationPageTest"/>
</testsuite> <!-- testcases.RegistrationPageTest -->
