<?xml version="1.0" encoding="UTF-8"?>
<!-- Generated by org.testng.reporters.JUnitReportReporter -->
<testsuite skipped="0" hostname="DESKTOP-G1GSCKP" name="basicTests.AnnotationsTest" tests="2" failures="0" timestamp="27 Nov 2018 02:57:33 GMT" time="0.006" errors="0">
  <testcase name="test2" time="0.003" classname="basicTests.AnnotationsTest"/>
  <testcase name="test" time="0.003" classname="basicTests.AnnotationsTest"/>
</testsuite> <!-- basicTests.AnnotationsTest -->
