<?xml version="1.0" encoding="UTF-8"?>
<!-- Generated by org.testng.reporters.JUnitReportReporter -->
<testsuite skipped="1" hostname="DESKTOP-G1GSCKP" name="class17.TestNGFeaturesTest" tests="12" failures="0" timestamp="27 Nov 2018 02:57:33 GMT" time="0.056" errors="0">
  <testcase name="test5" time="0.003" classname="class17.TestNGFeaturesTest"/>
  <testcase name="test8" time="0.004" classname="class17.TestNGFeaturesTest"/>
  <testcase name="test5" time="0.007" classname="class17.TestNGFeaturesTest"/>
  <testcase name="test7" time="0.004" classname="class17.TestNGFeaturesTest"/>
  <testcase name="test6" time="0.004" classname="class17.TestNGFeaturesTest"/>
  <testcase name="test5" time="0.004" classname="class17.TestNGFeaturesTest"/>
  <testcase name="test5" time="0.004" classname="class17.TestNGFeaturesTest"/>
  <testcase name="test2" time="0.011" classname="class17.TestNGFeaturesTest"/>
  <testcase name="test" time="0.003" classname="class17.TestNGFeaturesTest"/>
  <testcase name="test5" time="0.005" classname="class17.TestNGFeaturesTest"/>
  <testcase name="test3" time="0.007" classname="class17.TestNGFeaturesTest"/>
  <testcase name="test4" classname="class17.TestNGFeaturesTest">
    <skipped/>
  </testcase> <!-- test4 -->
</testsuite> <!-- class17.TestNGFeaturesTest -->
